<?xml version="1.0" encoding="UTF-8"?>
<!-- Generated by org.testng.reporters.JUnitXMLReporter -->
<testsuite hostname="ANGELBOSCAN-PC" name="Default test" tests="1" failures="0" timestamp="20 May 2020 17:31:54 GMT" time="4.101" errors="0">
  <testcase name="@BeforeClass beforeClass" time="0.0" classname="com.qualitystream.testng.TestNGExample">
    <failure type="org.openqa.selenium.SessionNotCreatedException" message="session not created: This version of ChromeDriver only supports Chrome version 76
Build info: version: &amp;apos;3.141.59&amp;apos;, revision: &amp;apos;e82be7d358&amp;apos;, time: &amp;apos;2018-11-14T08:17:03&amp;apos;
System info: host: &amp;apos;ANGELBOSCAN-PC&amp;apos;, ip: &amp;apos;192.168.0.16&amp;apos;, os.name: &amp;apos;Windows 7&amp;apos;, os.arch: &amp;apos;amd64&amp;apos;, os.version: &amp;apos;6.1&amp;apos;, java.version: &amp;apos;1.8.0_141&amp;apos;
Driver info: driver.version: ChromeDriver
remote stacktrace: Backtrace:
	Ordinal0 [0x00B67C53+1473619]
	Ordinal0 [0x00AEAD71+961905]
	Ordinal0 [0x00A742B3+475827]
	Ordinal0 [0x00A0F365+62309]
	Ordinal0 [0x00A0BC77+48247]
	Ordinal0 [0x00A29149+168265]
	Ordinal0 [0x00A28D1D+167197]
	Ordinal0 [0x00A2742B+160811]
	Ordinal0 [0x00A10AE6+68326]
	Ordinal0 [0x00A11BF0+72688]
	Ordinal0 [0x00A11B89+72585]
	Ordinal0 [0x00B04B37+1067831]
	GetHandleVerifier [0x00C06845+506677]
	GetHandleVerifier [0x00C065E0+506064]
	GetHandleVerifier [0x00C0D188+533624]
	GetHandleVerifier [0x00C0701A+508682]
	Ordinal0 [0x00AFC226+1032742]
	Ordinal0 [0x00AFC09F+1032351]
	Ordinal0 [0x00B06A4B+1075787]
	Ordinal0 [0x00B06BB3+1076147]
	Ordinal0 [0x00B05B65+1071973]
	BaseThreadInitThunk [0x7523339A+18]
	RtlInitializeExceptionChain [0x77499ED2+99]
	RtlInitializeExceptionChain [0x77499EA5+54]
">
      <![CDATA[org.openqa.selenium.SessionNotCreatedException: session not created: This version of ChromeDriver only supports Chrome version 76
Build info: version: '3.141.59', revision: 'e82be7d358', time: '2018-11-14T08:17:03'
System info: host: 'ANGELBOSCAN-PC', ip: '192.168.0.16', os.name: 'Windows 7', os.arch: 'amd64', os.version: '6.1', java.version: '1.8.0_141'
Driver info: driver.version: ChromeDriver
remote stacktrace: Backtrace:
	Ordinal0 [0x00B67C53+1473619]
	Ordinal0 [0x00AEAD71+961905]
	Ordinal0 [0x00A742B3+475827]
	Ordinal0 [0x00A0F365+62309]
	Ordinal0 [0x00A0BC77+48247]
	Ordinal0 [0x00A29149+168265]
	Ordinal0 [0x00A28D1D+167197]
	Ordinal0 [0x00A2742B+160811]
	Ordinal0 [0x00A10AE6+68326]
	Ordinal0 [0x00A11BF0+72688]
	Ordinal0 [0x00A11B89+72585]
	Ordinal0 [0x00B04B37+1067831]
	GetHandleVerifier [0x00C06845+506677]
	GetHandleVerifier [0x00C065E0+506064]
	GetHandleVerifier [0x00C0D188+533624]
	GetHandleVerifier [0x00C0701A+508682]
	Ordinal0 [0x00AFC226+1032742]
	Ordinal0 [0x00AFC09F+1032351]
	Ordinal0 [0x00B06A4B+1075787]
	Ordinal0 [0x00B06BB3+1076147]
	Ordinal0 [0x00B05B65+1071973]
	BaseThreadInitThunk [0x7523339A+18]
	RtlInitializeExceptionChain [0x77499ED2+99]
	RtlInitializeExceptionChain [0x77499EA5+54]

	at sun.reflect.NativeConstructorAccessorImpl.newInstance0(Native Method)
	at sun.reflect.NativeConstructorAccessorImpl.newInstance(Unknown Source)
	at sun.reflect.DelegatingConstructorAccessorImpl.newInstance(Unknown Source)
	at java.lang.reflect.Constructor.newInstance(Unknown Source)
	at org.openqa.selenium.remote.W3CHandshakeResponse.lambda$errorHandler$0(W3CHandshakeResponse.java:62)
	at org.openqa.selenium.remote.HandshakeResponse.lambda$getResponseFunction$0(HandshakeResponse.java:30)
	at org.openqa.selenium.remote.ProtocolHandshake.lambda$createSession$0(ProtocolHandshake.java:126)
	at java.util.stream.ReferencePipeline$3$1.accept(Unknown Source)
	at java.util.Spliterators$ArraySpliterator.tryAdvance(Unknown Source)
	at java.util.stream.ReferencePipeline.forEachWithCancel(Unknown Source)
	at java.util.stream.AbstractPipeline.copyIntoWithCancel(Unknown Source)
	at java.util.stream.AbstractPipeline.copyInto(Unknown Source)
	at java.util.stream.AbstractPipeline.wrapAndCopyInto(Unknown Source)
	at java.util.stream.FindOps$FindOp.evaluateSequential(Unknown Source)
	at java.util.stream.AbstractPipeline.evaluate(Unknown Source)
	at java.util.stream.ReferencePipeline.findFirst(Unknown Source)
	at org.openqa.selenium.remote.ProtocolHandshake.createSession(ProtocolHandshake.java:128)
	at org.openqa.selenium.remote.ProtocolHandshake.createSession(ProtocolHandshake.java:74)
	at org.openqa.selenium.remote.HttpCommandExecutor.execute(HttpCommandExecutor.java:136)
	at org.openqa.selenium.remote.service.DriverCommandExecutor.execute(DriverCommandExecutor.java:83)
	at org.openqa.selenium.remote.RemoteWebDriver.execute(RemoteWebDriver.java:552)
	at org.openqa.selenium.remote.RemoteWebDriver.startSession(RemoteWebDriver.java:213)
	at org.openqa.selenium.remote.RemoteWebDriver.<init>(RemoteWebDriver.java:131)
	at org.openqa.selenium.chrome.ChromeDriver.<init>(ChromeDriver.java:181)
	at org.openqa.selenium.chrome.ChromeDriver.<init>(ChromeDriver.java:168)
	at org.openqa.selenium.chrome.ChromeDriver.<init>(ChromeDriver.java:123)
	at com.qualitystream.testng.TestNGExample.beforeClass(TestNGExample.java:29)
	at sun.reflect.NativeMethodAccessorImpl.invoke0(Native Method)
	at sun.reflect.NativeMethodAccessorImpl.invoke(Unknown Source)
	at sun.reflect.DelegatingMethodAccessorImpl.invoke(Unknown Source)
	at java.lang.reflect.Method.invoke(Unknown Source)
	at org.testng.internal.MethodInvocationHelper.invokeMethod(MethodInvocationHelper.java:80)
	at org.testng.internal.Invoker.invokeConfigurationMethod(Invoker.java:564)
	at org.testng.internal.Invoker.invokeConfigurations(Invoker.java:213)
	at org.testng.internal.Invoker.invokeConfigurations(Invoker.java:138)
	at org.testng.internal.TestMethodWorker.invokeBeforeClassMethods(TestMethodWorker.java:175)
	at org.testng.internal.TestMethodWorker.run(TestMethodWorker.java:107)
	at org.testng.TestRunner.privateRun(TestRunner.java:767)
	at org.testng.TestRunner.run(TestRunner.java:617)
	at org.testng.SuiteRunner.runTest(SuiteRunner.java:334)
	at org.testng.SuiteRunner.runSequentially(SuiteRunner.java:329)
	at org.testng.SuiteRunner.privateRun(SuiteRunner.java:291)
	at org.testng.SuiteRunner.run(SuiteRunner.java:240)
	at org.testng.SuiteRunnerWorker.runSuite(SuiteRunnerWorker.java:52)
	at org.testng.SuiteRunnerWorker.run(SuiteRunnerWorker.java:86)
	at org.testng.TestNG.runSuitesSequentially(TestNG.java:1198)
	at org.testng.TestNG.runSuitesLocally(TestNG.java:1123)
	at org.testng.TestNG.run(TestNG.java:1031)
	at org.testng.remote.AbstractRemoteTestNG.run(AbstractRemoteTestNG.java:132)
	at org.testng.remote.RemoteTestNG.initAndRun(RemoteTestNG.java:236)
	at org.testng.remote.RemoteTestNG.main(RemoteTestNG.java:81)
]]>
    </failure>
  </testcase> <!-- @BeforeClass beforeClass -->
  <testcase name="@AfterClass afterClass" time="0.0" classname="com.qualitystream.testng.TestNGExample">
    <skipped/>
  </testcase> <!-- @AfterClass afterClass -->
  <testcase name="ordenar_por" time="0.002" classname="com.qualitystream.testng.TestNGExample">
    <skipped/>
  </testcase> <!-- ordenar_por -->
</testsuite> <!-- Default test -->
